<?xml version="1.0" encoding="UTF-8"?>
<testng-results skipped="0" failed="0" total="0" passed="0">
  <reporter-output>
  </reporter-output>
  <suite name="Suite1" duration-ms="8490" started-at="2016-08-05T10:21:37Z" finished-at="2016-08-05T10:21:45Z">
    <groups>
    </groups>
    <test name="Nopackage" duration-ms="8490" started-at="2016-08-05T10:21:37Z" finished-at="2016-08-05T10:21:45Z">
      <class name="com.metrobutler.sprint1.BaseUtility">
        <test-method status="PASS" signature="setUpBrowser()[pri:0, instance:com.metrobutler.sprint1.BaseUtility@5056dfcb]" name="setUpBrowser" is-config="true" duration-ms="8472" started-at="2016-08-05T15:51:37Z" finished-at="2016-08-05T15:51:45Z">
          <reporter-output>
          </reporter-output>
        </test-method> <!-- setUpBrowser -->
      </class> <!-- com.metrobutler.sprint1.BaseUtility -->
    </test> <!-- Nopackage -->
  </suite> <!-- Suite1 -->
</testng-results>
